[31-07-2023 06:52:10] [33mWARN[39m (27802): [36mIN[39m
[31-07-2023 06:52:10] [31mERROR[39m (27802):
[03-08-2023 07:57:25] [33mWARN[39m (47820): [36mIN[39m
[03-08-2023 07:57:54] [33mWARN[39m (48356): [36mIN[39m
[03-08-2023 07:58:42] [33mWARN[39m (49188): [36mIN[39m
[03-08-2023 07:58:42] [31mERROR[39m (49188):
[03-08-2023 08:06:31] [33mWARN[39m (59278): [36mIN[39m
[03-08-2023 08:06:31] [31mERROR[39m (59278):
[03-08-2023 08:08:15] [33mWARN[39m (61106): [36mIN[39m
[03-08-2023 08:08:58] [33mWARN[39m (61863): [36mIN[39m
[03-08-2023 08:08:58] [31mERROR[39m (61863):
[03-08-2023 08:09:00] [33mWARN[39m (61909): [36mIN[39m
[03-08-2023 08:09:00] [31mERROR[39m (61909):
[03-08-2023 08:10:08] [33mWARN[39m (63139): [36mIN[39m
[03-08-2023 08:10:08] [31mERROR[39m (63139):
[03-08-2023 08:14:34] [33mWARN[39m (67837): [36mIN[39m
[03-08-2023 08:14:34] [31mERROR[39m (67837):
[03-08-2023 08:15:51] [33mWARN[39m (69231): [36mIN[39m
[03-08-2023 08:15:51] [31mERROR[39m (69231):
[03-08-2023 08:17:23] [33mWARN[39m (70893): [36mIN[39m
[03-08-2023 08:17:24] [31mERROR[39m (70893):
[03-08-2023 08:19:50] [33mWARN[39m (73594): [36mIN[39m
[03-08-2023 08:19:50] [31mERROR[39m (73594):
[03-08-2023 08:21:49] [33mWARN[39m (75743): [36mIN[39m
[03-08-2023 08:21:49] [31mERROR[39m (75743):
[03-08-2023 08:24:48] [33mWARN[39m (78769): [36mIN[39m
[03-08-2023 08:24:48] [31mERROR[39m (78769):
[03-08-2023 08:27:12] [33mWARN[39m (81298): [36mIN[39m
[03-08-2023 08:27:12] [31mERROR[39m (81298):
[03-08-2023 08:27:15] [33mWARN[39m (81401): [36mIN[39m
[03-08-2023 08:34:20] [33mWARN[39m (86140): [36mIN[39m
[03-08-2023 08:34:34] [33mWARN[39m (86379): [36mIN[39m
[03-08-2023 08:34:42] [33mWARN[39m (86528): [36mIN[39m
[03-08-2023 08:34:42] [31mERROR[39m (86528):
[03-08-2023 08:34:51] [33mWARN[39m (86712): [36mIN[39m
[03-08-2023 08:34:51] [31mERROR[39m (86712):
[03-08-2023 08:35:06] [31mERROR[39m (86712): [36mCast to ObjectId failed for value "64bde8473eff4cf24a90" (type string) at path "_id" for model "Book"[39m
[04-08-2023 06:18:33] [33mWARN[39m (56428): [36mIN[39m
[04-08-2023 06:18:33] [31mERROR[39m (56428):
[04-08-2023 06:20:25] [33mWARN[39m (62391): [36mIN[39m
[04-08-2023 06:20:25] [31mERROR[39m (62391):
[04-08-2023 06:24:11] [33mWARN[39m (74859): [36mIN[39m
[04-08-2023 06:24:11] [31mERROR[39m (74859):
[04-08-2023 06:31:12] [33mWARN[39m (97340): [36mIN[39m
[04-08-2023 06:31:12] [31mERROR[39m (97340):
[04-08-2023 06:34:56] [33mWARN[39m (9626): [36mIN[39m
[04-08-2023 06:34:56] [31mERROR[39m (9626):
[04-08-2023 06:36:03] [33mWARN[39m (13308): [36mIN[39m
[04-08-2023 06:36:03] [31mERROR[39m (13308):
[04-08-2023 06:36:21] [33mWARN[39m (14340): [36mIN[39m
[04-08-2023 06:36:21] [31mERROR[39m (14340):
[04-08-2023 06:37:50] [33mWARN[39m (19156): [36mIN[39m
[04-08-2023 06:37:50] [31mERROR[39m (19156):
[04-08-2023 07:54:13] [33mWARN[39m (45020): [36mIN[39m
[04-08-2023 07:54:13] [31mERROR[39m (45020):
[04-08-2023 07:56:25] [33mWARN[39m (52292): [36mIN[39m
[04-08-2023 07:56:25] [31mERROR[39m (52292):
[04-08-2023 07:58:33] [33mWARN[39m (59326): [36mIN[39m
[04-08-2023 07:58:33] [31mERROR[39m (59326):
[04-08-2023 07:59:58] [33mWARN[39m (64026): [36mIN[39m
[04-08-2023 07:59:58] [31mERROR[39m (64026):
[04-08-2023 08:00:31] [33mWARN[39m (65888): [36mIN[39m
[04-08-2023 08:00:31] [31mERROR[39m (65888):
[04-08-2023 08:01:03] [33mWARN[39m (67636): [36mIN[39m
[04-08-2023 08:01:03] [31mERROR[39m (67636):
[04-08-2023 08:02:19] [33mWARN[39m (71881): [36mIN[39m
[04-08-2023 08:02:19] [31mERROR[39m (71881):
[04-08-2023 08:05:22] [33mWARN[39m (82061): [36mIN[39m
[04-08-2023 08:05:22] [31mERROR[39m (82061):
[04-08-2023 08:05:51] [33mWARN[39m (83695): [36mIN[39m
[04-08-2023 08:05:51] [31mERROR[39m (83695):
[04-08-2023 08:08:08] [33mWARN[39m (91207): [36mIN[39m
[04-08-2023 08:08:08] [31mERROR[39m (91207):
[04-08-2023 08:08:25] [33mWARN[39m (92166): [36mIN[39m
[04-08-2023 08:08:25] [31mERROR[39m (92166):
[04-08-2023 08:08:34] [33mWARN[39m (92668): [36mIN[39m
[04-08-2023 08:08:34] [31mERROR[39m (92668):
[04-08-2023 09:31:11] [33mWARN[39m (66154): [36mIN[39m
[04-08-2023 09:31:11] [31mERROR[39m (66154):
[04-08-2023 09:36:04] [33mWARN[39m (81710): [36mIN[39m
[04-08-2023 09:36:04] [31mERROR[39m (81710):
[04-08-2023 09:41:18] [33mWARN[39m (98325): [36mIN[39m
[04-08-2023 09:41:18] [31mERROR[39m (98325):
[04-08-2023 09:43:33] [33mWARN[39m (5884): [36mIN[39m
[04-08-2023 09:43:33] [31mERROR[39m (5884):
[04-08-2023 09:43:44] [33mWARN[39m (6473): [36mIN[39m
[04-08-2023 09:43:44] [31mERROR[39m (6473):
[04-08-2023 09:44:13] [33mWARN[39m (8100): [36mIN[39m
[04-08-2023 09:44:13] [31mERROR[39m (8100):
[04-08-2023 10:31:22] [33mWARN[39m (48791): [36mIN[39m
[04-08-2023 10:31:22] [31mERROR[39m (48791):
[04-08-2023 10:33:40] [33mWARN[39m (56124): [36mIN[39m
[04-08-2023 10:33:40] [31mERROR[39m (56124):
[04-08-2023 10:33:53] [33mWARN[39m (56876): [36mIN[39m
[04-08-2023 10:34:08] [33mWARN[39m (57641): [36mIN[39m
[04-08-2023 10:34:08] [31mERROR[39m (57641):
[04-08-2023 10:35:23] [33mWARN[39m (61659): [36mIN[39m
[04-08-2023 10:35:32] [33mWARN[39m (62152): [36mIN[39m
[04-08-2023 10:35:34] [33mWARN[39m (62283): [36mIN[39m
[04-08-2023 10:35:40] [33mWARN[39m (62604): [36mIN[39m
[04-08-2023 10:36:08] [33mWARN[39m (64101): [36mIN[39m
[04-08-2023 10:36:08] [31mERROR[39m (64101):
[04-08-2023 10:38:59] [33mWARN[39m (73163): [36mIN[39m
[04-08-2023 10:38:59] [31mERROR[39m (73163):
[04-08-2023 10:39:46] [33mWARN[39m (75773): [36mIN[39m
[04-08-2023 10:39:46] [31mERROR[39m (75773):
[04-08-2023 10:39:59] [33mWARN[39m (76485): [36mIN[39m
[04-08-2023 10:39:59] [31mERROR[39m (76485):
[04-08-2023 10:40:20] [33mWARN[39m (77631): [36mIN[39m
[04-08-2023 10:40:20] [31mERROR[39m (77631):
[04-08-2023 10:40:44] [33mWARN[39m (78961): [36mIN[39m
[04-08-2023 10:40:44] [31mERROR[39m (78961):
[04-08-2023 10:41:37] [33mWARN[39m (81820): [36mIN[39m
[04-08-2023 10:41:37] [31mERROR[39m (81820):
[04-08-2023 10:42:19] [33mWARN[39m (84031): [36mIN[39m
[04-08-2023 10:42:23] [33mWARN[39m (84289): [36mIN[39m
[04-08-2023 10:42:25] [33mWARN[39m (84416): [36mIN[39m
[04-08-2023 10:42:25] [31mERROR[39m (84416):
[04-08-2023 10:44:18] [33mWARN[39m (90425): [36mIN[39m
[04-08-2023 10:44:18] [31mERROR[39m (90425):
[04-08-2023 10:44:41] [33mWARN[39m (91636): [36mIN[39m
[04-08-2023 10:44:41] [31mERROR[39m (91636):
[04-08-2023 10:45:55] [33mWARN[39m (95563): [36mIN[39m
[04-08-2023 10:45:55] [31mERROR[39m (95563):
[04-08-2023 10:49:17] [33mWARN[39m (6520): [36mIN[39m
[04-08-2023 10:49:17] [31mERROR[39m (6520):
[04-08-2023 10:50:09] [33mWARN[39m (9304): [36mIN[39m
[04-08-2023 10:50:09] [31mERROR[39m (9304):
[04-08-2023 10:51:07] [33mWARN[39m (12473): [36mIN[39m
[04-08-2023 10:51:07] [31mERROR[39m (12473):
[04-08-2023 10:53:17] [33mWARN[39m (19450): [36mIN[39m
[04-08-2023 10:53:17] [31mERROR[39m (19450):
[04-08-2023 10:54:01] [33mWARN[39m (21858): [36mIN[39m
[04-08-2023 10:54:01] [31mERROR[39m (21858):
[04-08-2023 11:40:29] [31mERROR[39m (21858): [36mUser Not found[39m
[04-08-2023 11:41:56] [33mWARN[39m (6859): [36mIN[39m
[04-08-2023 11:42:25] [32mINFO[39m (21858): [36mPasword is converted to hash[39m
[04-08-2023 11:42:43] [31mERROR[39m (21858): [36mUser Not found[39m
[04-08-2023 11:43:08] [31mERROR[39m (21858): [36mUser Not found[39m
[04-08-2023 11:43:09] [31mERROR[39m (21858): [36mUser Not found[39m
[04-08-2023 11:45:30] [33mWARN[39m (22053): [36mIN[39m
[04-08-2023 11:45:30] [31mERROR[39m (22053):
[04-08-2023 11:45:56] [31mERROR[39m (22053): [36mUser Not found[39m
[04-08-2023 11:48:00] [32mINFO[39m (22053): [36mPasword is converted to hash[39m
[04-08-2023 11:48:10] [32mINFO[39m (22053): [36mPasword is converted to hash[39m
[04-08-2023 11:49:44] [33mWARN[39m (39844): [36mIN[39m
[04-08-2023 11:49:44] [31mERROR[39m (39844):
[04-08-2023 11:51:10] [31mERROR[39m (39844): [36mUser Not found[39m
[04-08-2023 12:00:27] [33mWARN[39m (84916): [36mIN[39m
[04-08-2023 12:00:27] [31mERROR[39m (84916):
[04-08-2023 12:01:19] [33mWARN[39m (88607): [36mIN[39m
[04-08-2023 12:01:19] [31mERROR[39m (88607):
[04-08-2023 12:14:20] [33mWARN[39m (43945): [36mIN[39m
[04-08-2023 12:14:20] [31mERROR[39m (43945):
[04-08-2023 12:22:35] [33mWARN[39m (78375): [36mIN[39m
[04-08-2023 12:22:35] [31mERROR[39m (78375):
[04-08-2023 12:25:26] [33mWARN[39m (90372): [36mIN[39m
[04-08-2023 12:25:26] [31mERROR[39m (90372):
[04-08-2023 12:35:03] [33mWARN[39m (31700): [36mIN[39m
[04-08-2023 12:35:03] [31mERROR[39m (31700):
[04-08-2023 12:35:32] [33mWARN[39m (33702): [36mIN[39m
[04-08-2023 12:35:32] [31mERROR[39m (33702):
[04-08-2023 12:36:05] [33mWARN[39m (36029): [36mIN[39m
[04-08-2023 12:36:05] [31mERROR[39m (36029):
[04-08-2023 13:04:02] [33mWARN[39m (53820): [36mIN[39m
[04-08-2023 13:04:02] [31mERROR[39m (53820):
[04-08-2023 13:04:06] [33mWARN[39m (54174): [36mIN[39m
[04-08-2023 13:04:06] [31mERROR[39m (54174):
